<?xml version="1.0" encoding="UTF-8"?>
<!-- Generated by org.testng.reporters.JUnitReportReporter -->
<testsuite hostname="CISM-I-333" failures="0" tests="2" name="runner.RunCuke" time="39.156" errors="0" timestamp="2024-08-06T12:23:52 IST" skipped="0">
  <testcase classname="runner.RunCuke" name="runScenario" time="19.589"/>
  <testcase classname="runner.RunCuke" name="runScenario" time="19.567"/>
</testsuite> <!-- runner.RunCuke -->
